
> my-app@0.0.0 build
> tsc -b && vite build

src/components/features/ContextDashboard.tsx(5,5): error TS6133: 'Shield' is declared but its value is never read.
src/components/features/ContextDashboard.tsx(7,5): error TS6133: 'AlertCircle' is declared but its value is never read.
src/components/features/ContextDashboard.tsx(15,5): error TS6133: 'ArrowRight' is declared but its value is never read.
src/components/features/ContextDashboard.tsx(16,5): error TS6133: 'AlertTriangle' is declared but its value is never read.
src/components/features/ContextDashboard.tsx(22,1): error TS6133: 'cn' is declared but its value is never read.
src/components/features/MigrationWizard.tsx(1,8): error TS6133: 'React' is declared but its value is never read.
src/components/tuner/RuleComparison.tsx(3,22): error TS6133: 'CheckCircle2' is declared but its value is never read.
src/components/tuner/RuleComparison.tsx(5,52): error TS6133: 'CardDescription' is declared but its value is never read.
src/contexts/AuthContext.tsx(5,8): error TS6133: 'React' is declared but its value is never read.
src/pages/DeviceDetail.tsx(12,5): error TS6133: 'ArrowRight' is declared but its value is never read.
src/pages/DeviceDetail.tsx(37,1): error TS6192: All imports in import declaration are unused.
src/pages/DeviceMasterDetail.tsx(15,1): error TS6192: All imports in import declaration are unused.
src/pages/DeviceMasterDetail.tsx(28,5): error TS6133: 'DialogTrigger' is declared but its value is never read.
src/pages/DeviceMasterDetail.tsx(525,1): error TS6133: 'useParams' is declared but its value is never read.
src/pages/Reports.tsx(67,1): error TS6133: 'toast' is declared but its value is never read.
src/services/chartService.ts(27,33): error TS6133: 'deviceId' is declared but its value is never read.
